TN:
SF:src\AccountPage.tsx
FN:12,(anonymous_0)
FN:36,(anonymous_1)
FN:43,(anonymous_2)
FN:63,(anonymous_3)
FN:79,(anonymous_4)
FN:86,(anonymous_5)
FN:93,(anonymous_6)
FN:98,(anonymous_7)
FN:99,(anonymous_8)
FN:137,(anonymous_9)
FN:169,(anonymous_10)
FN:190,(anonymous_11)
FN:194,(anonymous_12)
FN:195,(anonymous_13)
FN:203,(anonymous_14)
FN:209,(anonymous_15)
FN:220,(anonymous_16)
FN:224,(anonymous_17)
FNF:18
FNH:9
FNDA:16,(anonymous_0)
FNDA:8,(anonymous_1)
FNDA:0,(anonymous_2)
FNDA:4,(anonymous_3)
FNDA:1,(anonymous_4)
FNDA:1,(anonymous_5)
FNDA:0,(anonymous_6)
FNDA:2,(anonymous_7)
FNDA:2,(anonymous_8)
FNDA:0,(anonymous_9)
FNDA:1,(anonymous_10)
FNDA:1,(anonymous_11)
FNDA:0,(anonymous_12)
FNDA:0,(anonymous_13)
FNDA:0,(anonymous_14)
FNDA:0,(anonymous_15)
FNDA:0,(anonymous_16)
FNDA:0,(anonymous_17)
DA:12,1
DA:19,16
DA:36,1
DA:37,8
DA:44,0
DA:45,0
DA:63,1
DA:64,4
DA:65,4
DA:67,4
DA:79,4
DA:80,1
DA:81,1
DA:82,1
DA:83,1
DA:84,1
DA:86,1
DA:87,1
DA:89,0
DA:93,4
DA:95,0
DA:98,4
DA:99,2
DA:100,2
DA:101,2
DA:103,2
DA:104,2
DA:109,2
DA:110,2
DA:112,2
DA:113,2
DA:115,2
DA:118,2
DA:122,2
DA:124,0
DA:125,0
DA:128,0
DA:129,0
DA:130,0
DA:134,2
DA:137,4
DA:138,0
DA:140,0
DA:141,0
DA:142,0
DA:146,0
DA:150,0
DA:153,4
DA:169,1
DA:191,1
DA:193,1
DA:194,0
DA:195,0
DA:203,0
DA:210,0
DA:211,0
DA:220,0
DA:224,0
LF:58
LH:36
BRDA:15,0,0,16
BRDA:24,1,0,16
BRDA:24,1,1,4
BRDA:40,2,0,8
BRDA:40,2,1,0
BRDA:41,3,0,8
BRDA:41,3,1,0
BRDA:42,4,0,8
BRDA:42,4,1,0
BRDA:44,5,0,0
BRDA:44,5,1,0
BRDA:45,6,0,0
BRDA:45,6,1,0
BRDA:45,7,0,0
BRDA:45,7,1,0
BRDA:50,8,0,8
BRDA:50,8,1,8
BRDA:52,9,0,8
BRDA:52,9,1,8
BRDA:82,10,0,0
BRDA:82,10,1,1
BRDA:84,11,0,0
BRDA:84,11,1,1
BRDA:84,12,0,1
BRDA:84,12,1,1
BRDA:87,13,0,1
BRDA:87,13,1,0
BRDA:87,13,2,0
BRDA:101,14,0,0
BRDA:101,14,1,2
BRDA:109,15,0,2
BRDA:109,15,1,0
BRDA:109,16,0,2
BRDA:109,16,1,2
BRDA:112,17,0,2
BRDA:112,17,1,0
BRDA:112,18,0,2
BRDA:112,18,1,1
BRDA:113,19,0,2
BRDA:113,19,1,0
BRDA:113,19,2,0
BRDA:118,20,0,0
BRDA:118,20,1,2
BRDA:118,21,0,2
BRDA:118,21,1,2
BRDA:118,21,2,2
BRDA:140,22,0,0
BRDA:140,22,1,0
BRDA:190,23,0,4
BRDA:190,23,1,1
BRDA:210,24,0,0
BRDA:210,24,1,0
BRDA:214,25,0,1
BRDA:214,25,1,0
BRDA:215,26,0,0
BRDA:215,26,1,1
BRDA:217,27,0,1
BRDA:217,27,1,0
BRF:58
BRH:32
end_of_record
TN:
SF:src\ActivityPage.tsx
FN:55,(anonymous_0)
FN:68,(anonymous_1)
FN:73,(anonymous_2)
FN:73,(anonymous_3)
FN:74,(anonymous_4)
FN:91,(anonymous_5)
FN:112,(anonymous_6)
FN:129,(anonymous_7)
FN:137,(anonymous_8)
FN:150,(anonymous_9)
FN:184,(anonymous_10)
FN:189,(anonymous_11)
FN:196,(anonymous_12)
FN:218,(anonymous_13)
FN:220,(anonymous_14)
FN:223,(anonymous_15)
FN:224,(anonymous_16)
FN:231,(anonymous_17)
FN:271,(anonymous_18)
FN:276,(anonymous_19)
FN:294,(anonymous_20)
FN:317,(anonymous_21)
FN:341,(anonymous_22)
FN:362,(anonymous_23)
FN:385,(anonymous_24)
FN:419,(anonymous_25)
FN:438,(anonymous_26)
FN:441,(anonymous_27)
FN:473,(anonymous_28)
FN:477,(anonymous_29)
FN:488,(anonymous_30)
FN:493,(anonymous_31)
FN:494,(anonymous_32)
FN:495,(anonymous_33)
FN:497,(anonymous_34)
FN:500,(anonymous_35)
FN:551,(anonymous_36)
FN:552,(anonymous_37)
FN:559,(anonymous_38)
FN:577,(anonymous_39)
FN:602,(anonymous_40)
FN:631,(anonymous_41)
FN:637,(anonymous_42)
FN:657,(anonymous_43)
FN:661,(anonymous_44)
FN:672,(anonymous_45)
FN:698,(anonymous_46)
FN:700,(anonymous_47)
FN:720,(anonymous_48)
FN:724,(anonymous_49)
FN:770,(anonymous_50)
FN:798,(anonymous_51)
FN:812,(anonymous_52)
FN:812,(anonymous_53)
FN:815,(anonymous_54)
FN:816,(anonymous_55)
FN:835,(anonymous_56)
FN:851,(anonymous_57)
FN:857,(anonymous_58)
FN:857,(anonymous_59)
FN:887,(anonymous_60)
FN:889,(anonymous_61)
FN:898,(anonymous_62)
FN:912,(anonymous_63)
FN:934,(anonymous_64)
FN:944,(anonymous_65)
FN:956,(anonymous_66)
FN:957,(anonymous_67)
FN:968,(anonymous_68)
FN:995,(anonymous_69)
FN:1000,(anonymous_70)
FN:1001,(anonymous_71)
FN:1002,(anonymous_72)
FN:1004,(anonymous_73)
FN:1005,(anonymous_74)
FN:1006,(anonymous_75)
FN:1013,(anonymous_76)
FN:1016,(anonymous_77)
FN:1052,(anonymous_78)
FNF:79
FNH:0
FNDA:0,(anonymous_0)
FNDA:0,(anonymous_1)
FNDA:0,(anonymous_2)
FNDA:0,(anonymous_3)
FNDA:0,(anonymous_4)
FNDA:0,(anonymous_5)
FNDA:0,(anonymous_6)
FNDA:0,(anonymous_7)
FNDA:0,(anonymous_8)
FNDA:0,(anonymous_9)
FNDA:0,(anonymous_10)
FNDA:0,(anonymous_11)
FNDA:0,(anonymous_12)
FNDA:0,(anonymous_13)
FNDA:0,(anonymous_14)
FNDA:0,(anonymous_15)
FNDA:0,(anonymous_16)
FNDA:0,(anonymous_17)
FNDA:0,(anonymous_18)
FNDA:0,(anonymous_19)
FNDA:0,(anonymous_20)
FNDA:0,(anonymous_21)
FNDA:0,(anonymous_22)
FNDA:0,(anonymous_23)
FNDA:0,(anonymous_24)
FNDA:0,(anonymous_25)
FNDA:0,(anonymous_26)
FNDA:0,(anonymous_27)
FNDA:0,(anonymous_28)
FNDA:0,(anonymous_29)
FNDA:0,(anonymous_30)
FNDA:0,(anonymous_31)
FNDA:0,(anonymous_32)
FNDA:0,(anonymous_33)
FNDA:0,(anonymous_34)
FNDA:0,(anonymous_35)
FNDA:0,(anonymous_36)
FNDA:0,(anonymous_37)
FNDA:0,(anonymous_38)
FNDA:0,(anonymous_39)
FNDA:0,(anonymous_40)
FNDA:0,(anonymous_41)
FNDA:0,(anonymous_42)
FNDA:0,(anonymous_43)
FNDA:0,(anonymous_44)
FNDA:0,(anonymous_45)
FNDA:0,(anonymous_46)
FNDA:0,(anonymous_47)
FNDA:0,(anonymous_48)
FNDA:0,(anonymous_49)
FNDA:0,(anonymous_50)
FNDA:0,(anonymous_51)
FNDA:0,(anonymous_52)
FNDA:0,(anonymous_53)
FNDA:0,(anonymous_54)
FNDA:0,(anonymous_55)
FNDA:0,(anonymous_56)
FNDA:0,(anonymous_57)
FNDA:0,(anonymous_58)
FNDA:0,(anonymous_59)
FNDA:0,(anonymous_60)
FNDA:0,(anonymous_61)
FNDA:0,(anonymous_62)
FNDA:0,(anonymous_63)
FNDA:0,(anonymous_64)
FNDA:0,(anonymous_65)
FNDA:0,(anonymous_66)
FNDA:0,(anonymous_67)
FNDA:0,(anonymous_68)
FNDA:0,(anonymous_69)
FNDA:0,(anonymous_70)
FNDA:0,(anonymous_71)
FNDA:0,(anonymous_72)
FNDA:0,(anonymous_73)
FNDA:0,(anonymous_74)
FNDA:0,(anonymous_75)
FNDA:0,(anonymous_76)
FNDA:0,(anonymous_77)
FNDA:0,(anonymous_78)
DA:34,0
DA:55,0
DA:56,0
DA:57,0
DA:58,0
DA:59,0
DA:69,0
DA:73,0
DA:74,0
DA:91,0
DA:112,0
DA:113,0
DA:115,0
DA:129,0
DA:137,0
DA:150,0
DA:151,0
DA:184,0
DA:186,0
DA:187,0
DA:189,0
DA:190,0
DA:191,0
DA:194,0
DA:196,0
DA:197,0
DA:199,0
DA:201,0
DA:204,0
DA:206,0
DA:208,0
DA:210,0
DA:212,0
DA:214,0
DA:218,0
DA:220,0
DA:223,0
DA:224,0
DA:225,0
DA:226,0
DA:227,0
DA:228,0
DA:230,0
DA:231,0
DA:234,0
DA:246,0
DA:271,0
DA:276,0
DA:295,0
DA:296,0
DA:297,0
DA:299,0
DA:318,0
DA:319,0
DA:320,0
DA:322,0
DA:342,0
DA:343,0
DA:344,0
DA:346,0
DA:363,0
DA:364,0
DA:365,0
DA:367,0
DA:386,0
DA:387,0
DA:388,0
DA:390,0
DA:419,0
DA:420,0
DA:423,0
DA:424,0
DA:431,0
DA:432,0
DA:434,0
DA:439,0
DA:441,0
DA:473,0
DA:477,0
DA:488,0
DA:489,0
DA:490,0
DA:491,0
DA:493,0
DA:494,0
DA:495,0
DA:497,0
DA:500,0
DA:501,0
DA:502,0
DA:503,0
DA:505,0
DA:506,0
DA:507,0
DA:509,0
DA:511,0
DA:512,0
DA:513,0
DA:517,0
DA:518,0
DA:519,0
DA:521,0
DA:522,0
DA:523,0
DA:526,0
DA:527,0
DA:528,0
DA:529,0
DA:533,0
DA:542,0
DA:544,0
DA:546,0
DA:547,0
DA:551,0
DA:552,0
DA:553,0
DA:554,0
DA:557,0
DA:559,0
DA:560,0
DA:564,0
DA:577,0
DA:590,0
DA:602,0
DA:615,0
DA:631,0
DA:637,0
DA:644,0
DA:657,0
DA:661,0
DA:672,0
DA:684,0
DA:698,0
DA:700,0
DA:707,0
DA:720,0
DA:724,0
DA:729,0
DA:733,0
DA:771,0
DA:772,0
DA:774,0
DA:775,0
DA:777,0
DA:778,0
DA:780,0
DA:781,0
DA:783,0
DA:798,0
DA:801,0
DA:802,0
DA:803,0
DA:804,0
DA:806,0
DA:812,0
DA:816,0
DA:836,0
DA:851,0
DA:857,0
DA:887,0
DA:888,0
DA:889,0
DA:890,0
DA:892,0
DA:894,0
DA:895,0
DA:896,0
DA:898,0
DA:899,0
DA:900,0
DA:901,0
DA:902,0
DA:903,0
DA:905,0
DA:906,0
DA:909,0
DA:910,0
DA:912,0
DA:914,0
DA:916,0
DA:934,0
DA:935,0
DA:937,0
DA:940,0
DA:941,0
DA:943,0
DA:944,0
DA:946,0
DA:956,0
DA:957,0
DA:968,0
DA:969,0
DA:970,0
DA:985,0
DA:988,0
DA:989,0
DA:991,0
DA:995,0
DA:996,0
DA:1000,0
DA:1001,0
DA:1002,0
DA:1004,0
DA:1005,0
DA:1006,0
DA:1008,0
DA:1013,0
DA:1017,0
DA:1018,0
DA:1053,0
DA:1054,0
LF:211
LH:0
BRDA:58,0,0,0
BRDA:58,0,1,0
BRDA:64,1,0,0
BRDA:64,1,1,0
BRDA:72,2,0,0
BRDA:72,2,1,0
BRDA:77,3,0,0
BRDA:77,3,1,0
BRDA:77,4,0,0
BRDA:77,4,1,0
BRDA:83,5,0,0
BRDA:83,5,1,0
BRDA:84,6,0,0
BRDA:84,6,1,0
BRDA:90,7,0,0
BRDA:90,7,1,0
BRDA:91,8,0,0
BRDA:91,8,1,0
BRDA:136,9,0,0
BRDA:136,9,1,0
BRDA:137,10,0,0
BRDA:137,10,1,0
BRDA:197,11,0,0
BRDA:197,11,1,0
BRDA:197,11,2,0
BRDA:197,11,3,0
BRDA:197,11,4,0
BRDA:197,11,5,0
BRDA:197,11,6,0
BRDA:197,11,7,0
BRDA:197,11,8,0
BRDA:225,12,0,0
BRDA:225,12,1,0
BRDA:226,13,0,0
BRDA:226,13,1,0
BRDA:248,14,0,0
BRDA:248,14,1,0
BRDA:251,15,0,0
BRDA:251,15,1,0
BRDA:262,16,0,0
BRDA:262,16,1,0
BRDA:262,17,0,0
BRDA:262,17,1,0
BRDA:268,18,0,0
BRDA:268,18,1,0
BRDA:274,19,0,0
BRDA:274,19,1,0
BRDA:279,20,0,0
BRDA:279,20,1,0
BRDA:295,21,0,0
BRDA:295,21,1,0
BRDA:297,22,0,0
BRDA:297,22,1,0
BRDA:303,23,0,0
BRDA:303,23,1,0
BRDA:318,24,0,0
BRDA:318,24,1,0
BRDA:320,25,0,0
BRDA:320,25,1,0
BRDA:326,26,0,0
BRDA:326,26,1,0
BRDA:342,27,0,0
BRDA:342,27,1,0
BRDA:344,28,0,0
BRDA:344,28,1,0
BRDA:350,29,0,0
BRDA:350,29,1,0
BRDA:363,30,0,0
BRDA:363,30,1,0
BRDA:365,31,0,0
BRDA:365,31,1,0
BRDA:371,32,0,0
BRDA:371,32,1,0
BRDA:386,33,0,0
BRDA:386,33,1,0
BRDA:388,34,0,0
BRDA:388,34,1,0
BRDA:423,35,0,0
BRDA:423,35,1,0
BRDA:423,36,0,0
BRDA:423,36,1,0
BRDA:436,37,0,0
BRDA:436,37,1,0
BRDA:440,38,0,0
BRDA:440,38,1,0
BRDA:453,39,0,0
BRDA:453,39,1,0
BRDA:463,40,0,0
BRDA:463,40,1,0
BRDA:463,40,2,0
BRDA:470,41,0,0
BRDA:470,41,1,0
BRDA:472,42,0,0
BRDA:472,42,1,0
BRDA:503,43,0,0
BRDA:503,43,1,0
BRDA:509,44,0,0
BRDA:509,44,1,0
BRDA:509,44,2,0
BRDA:509,44,3,0
BRDA:509,44,4,0
BRDA:509,44,5,0
BRDA:537,45,0,0
BRDA:537,45,1,0
BRDA:542,46,0,0
BRDA:542,46,1,0
BRDA:553,47,0,0
BRDA:553,47,1,0
BRDA:553,48,0,0
BRDA:553,48,1,0
BRDA:557,49,0,0
BRDA:557,49,1,0
BRDA:560,50,0,0
BRDA:560,50,1,0
BRDA:560,50,2,0
BRDA:560,50,3,0
BRDA:560,50,4,0
BRDA:560,50,5,0
BRDA:560,50,6,0
BRDA:568,51,0,0
BRDA:568,51,1,0
BRDA:569,52,0,0
BRDA:569,52,1,0
BRDA:570,53,0,0
BRDA:570,53,1,0
BRDA:572,54,0,0
BRDA:572,54,1,0
BRDA:594,55,0,0
BRDA:594,55,1,0
BRDA:595,56,0,0
BRDA:595,56,1,0
BRDA:596,57,0,0
BRDA:596,57,1,0
BRDA:597,58,0,0
BRDA:597,58,1,0
BRDA:618,59,0,0
BRDA:618,59,1,0
BRDA:619,60,0,0
BRDA:619,60,1,0
BRDA:620,61,0,0
BRDA:620,61,1,0
BRDA:622,62,0,0
BRDA:622,62,1,0
BRDA:623,63,0,0
BRDA:623,63,1,0
BRDA:629,64,0,0
BRDA:629,64,1,0
BRDA:633,65,0,0
BRDA:633,65,1,0
BRDA:647,66,0,0
BRDA:647,66,1,0
BRDA:648,67,0,0
BRDA:648,67,1,0
BRDA:687,68,0,0
BRDA:687,68,1,0
BRDA:688,69,0,0
BRDA:688,69,1,0
BRDA:691,70,0,0
BRDA:691,70,1,0
BRDA:692,71,0,0
BRDA:692,71,1,0
BRDA:693,72,0,0
BRDA:693,72,1,0
BRDA:698,73,0,0
BRDA:698,73,1,0
BRDA:700,74,0,0
BRDA:700,74,1,0
BRDA:710,75,0,0
BRDA:710,75,1,0
BRDA:711,76,0,0
BRDA:711,76,1,0
BRDA:735,77,0,0
BRDA:735,77,1,0
BRDA:737,78,0,0
BRDA:737,78,1,0
BRDA:749,79,0,0
BRDA:749,79,1,0
BRDA:754,80,0,0
BRDA:754,80,1,0
BRDA:754,81,0,0
BRDA:754,81,1,0
BRDA:765,82,0,0
BRDA:765,82,1,0
BRDA:771,83,0,0
BRDA:771,83,1,0
BRDA:771,84,0,0
BRDA:771,84,1,0
BRDA:774,85,0,0
BRDA:774,85,1,0
BRDA:777,86,0,0
BRDA:777,86,1,0
BRDA:780,87,0,0
BRDA:780,87,1,0
BRDA:799,88,0,0
BRDA:804,89,0,0
BRDA:804,89,1,0
BRDA:804,90,0,0
BRDA:804,90,1,0
BRDA:810,91,0,0
BRDA:810,91,1,0
BRDA:813,92,0,0
BRDA:813,92,1,0
BRDA:824,93,0,0
BRDA:824,93,1,0
BRDA:840,94,0,0
BRDA:840,94,1,0
BRDA:840,94,2,0
BRDA:842,95,0,0
BRDA:842,95,1,0
BRDA:843,96,0,0
BRDA:843,96,1,0
BRDA:844,97,0,0
BRDA:844,97,1,0
BRDA:847,98,0,0
BRDA:847,98,1,0
BRDA:855,99,0,0
BRDA:855,99,1,0
BRDA:855,99,2,0
BRDA:858,100,0,0
BRDA:858,100,1,0
BRDA:890,101,0,0
BRDA:890,101,1,0
BRDA:890,102,0,0
BRDA:890,102,1,0
BRDA:903,103,0,0
BRDA:903,103,1,0
BRDA:905,104,0,0
BRDA:905,104,1,0
BRDA:909,105,0,0
BRDA:909,105,1,0
BRDA:914,106,0,0
BRDA:914,106,1,0
BRDA:919,107,0,0
BRDA:919,107,1,0
BRDA:920,108,0,0
BRDA:920,108,1,0
BRDA:921,109,0,0
BRDA:921,109,1,0
BRDA:921,109,2,0
BRDA:922,110,0,0
BRDA:922,110,1,0
BRDA:922,110,2,0
BRDA:923,111,0,0
BRDA:923,111,1,0
BRDA:926,112,0,0
BRDA:926,112,1,0
BRDA:927,113,0,0
BRDA:927,113,1,0
BRDA:927,114,0,0
BRDA:927,114,1,0
BRDA:928,115,0,0
BRDA:928,115,1,0
BRDA:940,116,0,0
BRDA:940,116,1,0
BRDA:951,117,0,0
BRDA:951,117,1,0
BRDA:952,118,0,0
BRDA:952,118,1,0
BRDA:959,119,0,0
BRDA:959,119,1,0
BRDA:969,120,0,0
BRDA:969,120,1,0
BRDA:973,121,0,0
BRDA:973,121,1,0
BRDA:975,122,0,0
BRDA:975,122,1,0
BRDA:1013,123,0,0
BRDA:1013,123,1,0
BRDA:1015,124,0,0
BRDA:1015,124,1,0
BRDA:1017,125,0,0
BRDA:1017,125,1,0
BRDA:1026,126,0,0
BRDA:1026,126,1,0
BRDA:1027,127,0,0
BRDA:1027,127,1,0
BRDA:1029,128,0,0
BRDA:1029,128,1,0
BRDA:1031,129,0,0
BRDA:1031,129,1,0
BRDA:1035,130,0,0
BRDA:1035,130,1,0
BRDA:1045,131,0,0
BRDA:1045,131,1,0
BRDA:1051,132,0,0
BRDA:1051,132,1,0
BRF:286
BRH:0
end_of_record
TN:
SF:src\App.tsx
FN:18,(anonymous_0)
FN:124,(anonymous_1)
FN:131,(anonymous_2)
FN:149,(anonymous_3)
FN:160,(anonymous_4)
FN:173,(anonymous_5)
FN:178,(anonymous_6)
FN:185,(anonymous_7)
FN:190,(anonymous_8)
FN:196,(anonymous_9)
FN:200,(anonymous_10)
FN:201,(anonymous_11)
FN:214,(anonymous_12)
FN:218,(anonymous_13)
FN:220,(anonymous_14)
FN:221,(anonymous_15)
FN:236,(anonymous_16)
FN:249,(anonymous_17)
FN:250,(anonymous_18)
FN:251,(anonymous_19)
FN:255,(anonymous_20)
FN:258,(anonymous_21)
FN:263,(anonymous_22)
FN:270,(anonymous_23)
FN:276,(anonymous_24)
FN:277,(anonymous_25)
FN:286,(anonymous_26)
FN:287,(anonymous_27)
FN:289,(anonymous_28)
FN:290,(anonymous_29)
FN:305,(anonymous_30)
FN:306,(anonymous_31)
FN:314,(anonymous_32)
FN:328,(anonymous_33)
FN:338,(anonymous_34)
FN:348,(anonymous_35)
FN:358,(anonymous_36)
FNF:37
FNH:0
FNDA:0,(anonymous_0)
FNDA:0,(anonymous_1)
FNDA:0,(anonymous_2)
FNDA:0,(anonymous_3)
FNDA:0,(anonymous_4)
FNDA:0,(anonymous_5)
FNDA:0,(anonymous_6)
FNDA:0,(anonymous_7)
FNDA:0,(anonymous_8)
FNDA:0,(anonymous_9)
FNDA:0,(anonymous_10)
FNDA:0,(anonymous_11)
FNDA:0,(anonymous_12)
FNDA:0,(anonymous_13)
FNDA:0,(anonymous_14)
FNDA:0,(anonymous_15)
FNDA:0,(anonymous_16)
FNDA:0,(anonymous_17)
FNDA:0,(anonymous_18)
FNDA:0,(anonymous_19)
FNDA:0,(anonymous_20)
FNDA:0,(anonymous_21)
FNDA:0,(anonymous_22)
FNDA:0,(anonymous_23)
FNDA:0,(anonymous_24)
FNDA:0,(anonymous_25)
FNDA:0,(anonymous_26)
FNDA:0,(anonymous_27)
FNDA:0,(anonymous_28)
FNDA:0,(anonymous_29)
FNDA:0,(anonymous_30)
FNDA:0,(anonymous_31)
FNDA:0,(anonymous_32)
FNDA:0,(anonymous_33)
FNDA:0,(anonymous_34)
FNDA:0,(anonymous_35)
FNDA:0,(anonymous_36)
DA:18,0
DA:19,0
DA:57,0
DA:124,0
DA:125,0
DA:131,0
DA:138,0
DA:149,0
DA:150,0
DA:151,0
DA:152,0
DA:153,0
DA:156,0
DA:157,0
DA:158,0
DA:160,0
DA:161,0
DA:162,0
DA:163,0
DA:164,0
DA:165,0
DA:168,0
DA:169,0
DA:173,0
DA:174,0
DA:175,0
DA:178,0
DA:179,0
DA:180,0
DA:181,0
DA:182,0
DA:185,0
DA:186,0
DA:187,0
DA:190,0
DA:191,0
DA:192,0
DA:193,0
DA:196,0
DA:197,0
DA:198,0
DA:200,0
DA:202,0
DA:203,0
DA:204,0
DA:210,0
DA:212,0
DA:215,0
DA:216,0
DA:218,0
DA:220,0
DA:221,0
DA:225,0
DA:228,0
DA:229,0
DA:236,0
DA:244,0
DA:246,0
DA:249,0
DA:250,0
DA:251,0
DA:255,0
DA:258,0
DA:260,0
DA:263,0
DA:267,0
DA:270,0
DA:274,0
DA:276,0
DA:278,0
DA:279,0
DA:284,0
DA:286,0
DA:287,0
DA:289,0
DA:290,0
DA:296,0
DA:305,0
DA:307,0
DA:308,0
DA:315,0
DA:316,0
DA:328,0
DA:338,0
DA:348,0
DA:358,0
LF:86
LH:0
BRDA:18,0,0,0
BRDA:127,1,0,0
BRDA:127,1,1,0
BRDA:140,2,0,0
BRDA:140,2,1,0
BRDA:185,3,0,0
BRDA:192,4,0,0
BRDA:192,4,1,0
BRDA:197,5,0,0
BRDA:197,5,1,0
BRDA:210,6,0,0
BRDA:210,6,1,0
BRDA:210,6,2,0
BRDA:210,6,3,0
BRDA:210,6,4,0
BRDA:210,6,5,0
BRDA:210,6,6,0
BRDA:210,6,7,0
BRDA:210,6,8,0
BRDA:210,6,9,0
BRDA:228,7,0,0
BRDA:228,7,1,0
BRDA:301,8,0,0
BRDA:301,8,1,0
BRDA:303,9,0,0
BRDA:303,9,1,0
BRDA:322,10,0,0
BRDA:322,10,1,0
BRDA:326,11,0,0
BRDA:326,11,1,0
BRDA:327,12,0,0
BRDA:327,12,1,0
BRDA:336,13,0,0
BRDA:336,13,1,0
BRDA:337,14,0,0
BRDA:337,14,1,0
BRDA:346,15,0,0
BRDA:346,15,1,0
BRDA:347,16,0,0
BRDA:347,16,1,0
BRDA:356,17,0,0
BRDA:356,17,1,0
BRDA:357,18,0,0
BRDA:357,18,1,0
BRF:44
BRH:0
end_of_record
TN:
SF:src\DriverSignupPage.tsx
FN:25,(anonymous_0)
FN:34,(anonymous_1)
FN:35,(anonymous_2)
FN:36,(anonymous_3)
FN:37,(anonymous_4)
FN:39,(anonymous_5)
FN:83,(anonymous_6)
FN:104,(anonymous_7)
FN:119,(anonymous_8)
FN:150,(anonymous_9)
FN:167,(anonymous_10)
FN:188,(anonymous_11)
FN:189,(anonymous_12)
FN:250,(anonymous_13)
FN:342,(anonymous_14)
FN:374,(anonymous_15)
FN:374,(anonymous_16)
FN:376,(anonymous_17)
FN:401,(anonymous_18)
FN:403,(anonymous_19)
FN:433,(anonymous_20)
FN:442,(anonymous_21)
FN:466,(anonymous_22)
FN:471,(anonymous_23)
FN:493,(anonymous_24)
FN:495,(anonymous_25)
FN:593,(anonymous_26)
FN:636,(anonymous_27)
FN:637,(anonymous_28)
FN:638,(anonymous_29)
FN:643,(anonymous_30)
FN:652,(anonymous_31)
FN:661,(anonymous_32)
FN:671,(anonymous_33)
FN:683,(anonymous_34)
FN:690,(anonymous_35)
FN:691,(anonymous_36)
FN:697,(anonymous_37)
FN:698,(anonymous_38)
FN:704,(anonymous_39)
FN:705,(anonymous_40)
FN:716,(anonymous_41)
FN:722,(anonymous_42)
FN:723,(anonymous_43)
FN:728,(anonymous_44)
FN:732,(anonymous_45)
FN:736,(anonymous_46)
FN:737,(anonymous_47)
FN:742,(anonymous_48)
FN:748,(anonymous_49)
FN:753,(anonymous_50)
FN:759,(anonymous_51)
FN:760,(anonymous_52)
FN:761,(anonymous_53)
FN:762,(anonymous_54)
FN:763,(anonymous_55)
FN:768,(anonymous_56)
FN:775,(anonymous_57)
FN:776,(anonymous_58)
FN:777,(anonymous_59)
FN:778,(anonymous_60)
FNF:61
FNH:0
FNDA:0,(anonymous_0)
FNDA:0,(anonymous_1)
FNDA:0,(anonymous_2)
FNDA:0,(anonymous_3)
FNDA:0,(anonymous_4)
FNDA:0,(anonymous_5)
FNDA:0,(anonymous_6)
FNDA:0,(anonymous_7)
FNDA:0,(anonymous_8)
FNDA:0,(anonymous_9)
FNDA:0,(anonymous_10)
FNDA:0,(anonymous_11)
FNDA:0,(anonymous_12)
FNDA:0,(anonymous_13)
FNDA:0,(anonymous_14)
FNDA:0,(anonymous_15)
FNDA:0,(anonymous_16)
FNDA:0,(anonymous_17)
FNDA:0,(anonymous_18)
FNDA:0,(anonymous_19)
FNDA:0,(anonymous_20)
FNDA:0,(anonymous_21)
FNDA:0,(anonymous_22)
FNDA:0,(anonymous_23)
FNDA:0,(anonymous_24)
FNDA:0,(anonymous_25)
FNDA:0,(anonymous_26)
FNDA:0,(anonymous_27)
FNDA:0,(anonymous_28)
FNDA:0,(anonymous_29)
FNDA:0,(anonymous_30)
FNDA:0,(anonymous_31)
FNDA:0,(anonymous_32)
FNDA:0,(anonymous_33)
FNDA:0,(anonymous_34)
FNDA:0,(anonymous_35)
FNDA:0,(anonymous_36)
FNDA:0,(anonymous_37)
FNDA:0,(anonymous_38)
FNDA:0,(anonymous_39)
FNDA:0,(anonymous_40)
FNDA:0,(anonymous_41)
FNDA:0,(anonymous_42)
FNDA:0,(anonymous_43)
FNDA:0,(anonymous_44)
FNDA:0,(anonymous_45)
FNDA:0,(anonymous_46)
FNDA:0,(anonymous_47)
FNDA:0,(anonymous_48)
FNDA:0,(anonymous_49)
FNDA:0,(anonymous_50)
FNDA:0,(anonymous_51)
FNDA:0,(anonymous_52)
FNDA:0,(anonymous_53)
FNDA:0,(anonymous_54)
FNDA:0,(anonymous_55)
FNDA:0,(anonymous_56)
FNDA:0,(anonymous_57)
FNDA:0,(anonymous_58)
FNDA:0,(anonymous_59)
FNDA:0,(anonymous_60)
DA:5,0
DA:22,0
DA:23,0
DA:25,0
DA:26,0
DA:27,0
DA:28,0
DA:30,0
DA:34,0
DA:35,0
DA:36,0
DA:37,0
DA:39,0
DA:40,0
DA:41,0
DA:42,0
DA:43,0
DA:44,0
DA:45,0
DA:46,0
DA:47,0
DA:83,0
DA:84,0
DA:104,0
DA:105,0
DA:106,0
DA:107,0
DA:108,0
DA:110,0
DA:119,0
DA:150,0
DA:151,0
DA:152,0
DA:153,0
DA:154,0
DA:156,0
DA:167,0
DA:188,0
DA:189,0
DA:190,0
DA:191,0
DA:202,0
DA:203,0
DA:204,0
DA:205,0
DA:206,0
DA:207,0
DA:208,0
DA:211,0
DA:212,0
DA:213,0
DA:214,0
DA:217,0
DA:218,0
DA:219,0
DA:220,0
DA:221,0
DA:224,0
DA:225,0
DA:226,0
DA:227,0
DA:228,0
DA:229,0
DA:230,0
DA:231,0
DA:232,0
DA:233,0
DA:234,0
DA:237,0
DA:238,0
DA:239,0
DA:240,0
DA:242,0
DA:243,0
DA:244,0
DA:246,0
DA:247,0
DA:248,0
DA:250,0
DA:251,0
DA:253,0
DA:255,0
DA:257,0
DA:258,0
DA:259,0
DA:260,0
DA:263,0
DA:264,0
DA:265,0
DA:266,0
DA:267,0
DA:268,0
DA:271,0
DA:272,0
DA:273,0
DA:274,0
DA:277,0
DA:278,0
DA:279,0
DA:280,0
DA:283,0
DA:284,0
DA:285,0
DA:286,0
DA:289,0
DA:291,0
DA:293,0
DA:295,0
DA:296,0
DA:297,0
DA:298,0
DA:299,0
DA:302,0
DA:303,0
DA:304,0
DA:305,0
DA:308,0
DA:310,0
DA:312,0
DA:313,0
DA:314,0
DA:315,0
DA:316,0
DA:317,0
DA:318,0
DA:321,0
DA:322,0
DA:323,0
DA:324,0
DA:327,0
DA:328,0
DA:329,0
DA:330,0
DA:333,0
DA:334,0
DA:335,0
DA:338,0
DA:342,0
DA:343,0
DA:361,0
DA:362,0
DA:363,0
DA:364,0
DA:367,0
DA:368,0
DA:371,0
DA:374,0
DA:376,0
DA:377,0
DA:378,0
DA:379,0
DA:380,0
DA:381,0
DA:382,0
DA:383,0
DA:384,0
DA:385,0
DA:386,0
DA:387,0
DA:388,0
DA:389,0
DA:390,0
DA:391,0
DA:392,0
DA:393,0
DA:394,0
DA:395,0
DA:396,0
DA:397,0
DA:398,0
DA:401,0
DA:402,0
DA:403,0
DA:404,0
DA:405,0
DA:406,0
DA:407,0
DA:409,0
DA:432,0
DA:433,0
DA:434,0
DA:436,0
DA:437,0
DA:439,0
DA:440,0
DA:442,0
DA:443,0
DA:444,0
DA:445,0
DA:446,0
DA:447,0
DA:449,0
DA:455,0
DA:456,0
DA:457,0
DA:458,0
DA:460,0
DA:462,0
DA:466,0
DA:467,0
DA:471,0
DA:472,0
DA:473,0
DA:474,0
DA:476,0
DA:493,0
DA:494,0
DA:495,0
DA:496,0
DA:499,0
DA:500,0
DA:502,0
DA:503,0
DA:504,0
DA:507,0
DA:508,0
DA:509,0
DA:553,0
DA:554,0
DA:564,0
DA:573,0
DA:574,0
DA:576,0
DA:577,0
DA:579,0
DA:580,0
DA:581,0
DA:582,0
DA:583,0
DA:584,0
DA:586,0
DA:589,0
DA:593,0
DA:594,0
DA:595,0
DA:596,0
DA:599,0
DA:636,0
DA:637,0
DA:638,0
DA:643,0
DA:652,0
DA:661,0
DA:671,0
DA:683,0
DA:690,0
DA:691,0
DA:697,0
DA:698,0
DA:704,0
DA:705,0
DA:716,0
DA:722,0
DA:723,0
DA:728,0
DA:732,0
DA:736,0
DA:737,0
DA:742,0
DA:748,0
DA:753,0
DA:759,0
DA:760,0
DA:761,0
DA:762,0
DA:763,0
DA:768,0
DA:775,0
DA:776,0
DA:777,0
DA:778,0
LF:271
LH:0
BRDA:26,0,0,0
BRDA:26,0,1,0
BRDA:40,1,0,0
BRDA:40,1,1,0
BRDA:42,2,0,0
BRDA:42,2,1,0
BRDA:46,3,0,0
BRDA:46,3,1,0
BRDA:46,4,0,0
BRDA:46,4,1,0
BRDA:46,4,2,0
BRDA:87,5,0,0
BRDA:87,5,1,0
BRDA:104,6,0,0
BRDA:106,7,0,0
BRDA:106,7,1,0
BRDA:107,8,0,0
BRDA:107,8,1,0
BRDA:108,9,0,0
BRDA:108,9,1,0
BRDA:124,10,0,0
BRDA:124,10,1,0
BRDA:126,11,0,0
BRDA:126,11,1,0
BRDA:129,12,0,0
BRDA:129,12,1,0
BRDA:129,12,2,0
BRDA:134,13,0,0
BRDA:134,13,1,0
BRDA:152,14,0,0
BRDA:152,14,1,0
BRDA:153,15,0,0
BRDA:153,15,1,0
BRDA:154,16,0,0
BRDA:154,16,1,0
BRDA:167,17,0,0
BRDA:167,17,1,0
BRDA:170,18,0,0
BRDA:170,18,1,0
BRDA:171,19,0,0
BRDA:171,19,1,0
BRDA:174,20,0,0
BRDA:174,20,1,0
BRDA:174,20,2,0
BRDA:179,21,0,0
BRDA:179,21,1,0
BRDA:192,22,0,0
BRDA:192,22,1,0
BRDA:251,23,0,0
BRDA:251,23,1,0
BRDA:251,23,2,0
BRDA:251,23,3,0
BRDA:251,23,4,0
BRDA:251,23,5,0
BRDA:251,23,6,0
BRDA:251,23,7,0
BRDA:251,23,8,0
BRDA:251,23,9,0
BRDA:251,23,10,0
BRDA:251,23,11,0
BRDA:251,23,12,0
BRDA:251,23,13,0
BRDA:251,23,14,0
BRDA:251,23,15,0
BRDA:251,23,16,0
BRDA:251,23,17,0
BRDA:251,23,18,0
BRDA:253,24,0,0
BRDA:253,24,1,0
BRDA:255,25,0,0
BRDA:255,25,1,0
BRDA:258,26,0,0
BRDA:258,26,1,0
BRDA:259,27,0,0
BRDA:259,27,1,0
BRDA:259,28,0,0
BRDA:259,28,1,0
BRDA:263,29,0,0
BRDA:263,29,1,0
BRDA:265,30,0,0
BRDA:265,30,1,0
BRDA:266,31,0,0
BRDA:266,31,1,0
BRDA:267,32,0,0
BRDA:267,32,1,0
BRDA:272,33,0,0
BRDA:272,33,1,0
BRDA:273,34,0,0
BRDA:273,34,1,0
BRDA:278,35,0,0
BRDA:278,35,1,0
BRDA:279,36,0,0
BRDA:279,36,1,0
BRDA:284,37,0,0
BRDA:284,37,1,0
BRDA:285,38,0,0
BRDA:285,38,1,0
BRDA:289,39,0,0
BRDA:289,39,1,0
BRDA:291,40,0,0
BRDA:291,40,1,0
BRDA:293,41,0,0
BRDA:293,41,1,0
BRDA:296,42,0,0
BRDA:296,42,1,0
BRDA:298,43,0,0
BRDA:298,43,1,0
BRDA:302,44,0,0
BRDA:302,44,1,0
BRDA:304,45,0,0
BRDA:304,45,1,0
BRDA:308,46,0,0
BRDA:308,46,1,0
BRDA:310,47,0,0
BRDA:310,47,1,0
BRDA:313,48,0,0
BRDA:313,48,1,0
BRDA:315,49,0,0
BRDA:315,49,1,0
BRDA:315,50,0,0
BRDA:315,50,1,0
BRDA:317,51,0,0
BRDA:317,51,1,0
BRDA:317,52,0,0
BRDA:317,52,1,0
BRDA:322,53,0,0
BRDA:322,53,1,0
BRDA:323,54,0,0
BRDA:323,54,1,0
BRDA:327,55,0,0
BRDA:327,55,1,0
BRDA:329,56,0,0
BRDA:329,56,1,0
BRDA:333,57,0,0
BRDA:333,57,1,0
BRDA:334,58,0,0
BRDA:334,58,1,0
BRDA:364,59,0,0
BRDA:364,59,1,0
BRDA:378,60,0,0
BRDA:378,60,1,0
BRDA:379,61,0,0
BRDA:379,61,1,0
BRDA:380,62,0,0
BRDA:380,62,1,0
BRDA:381,63,0,0
BRDA:381,63,1,0
BRDA:382,64,0,0
BRDA:382,64,1,0
BRDA:383,65,0,0
BRDA:383,65,1,0
BRDA:384,66,0,0
BRDA:384,66,1,0
BRDA:385,67,0,0
BRDA:385,67,1,0
BRDA:386,68,0,0
BRDA:386,68,1,0
BRDA:387,69,0,0
BRDA:387,69,1,0
BRDA:388,70,0,0
BRDA:388,70,1,0
BRDA:389,71,0,0
BRDA:389,71,1,0
BRDA:390,72,0,0
BRDA:390,72,1,0
BRDA:391,73,0,0
BRDA:391,73,1,0
BRDA:392,74,0,0
BRDA:392,74,1,0
BRDA:393,75,0,0
BRDA:393,75,1,0
BRDA:394,76,0,0
BRDA:394,76,1,0
BRDA:395,77,0,0
BRDA:395,77,1,0
BRDA:396,78,0,0
BRDA:396,78,1,0
BRDA:397,79,0,0
BRDA:397,79,1,0
BRDA:398,80,0,0
BRDA:398,80,1,0
BRDA:404,81,0,0
BRDA:404,81,1,0
BRDA:406,82,0,0
BRDA:406,82,1,0
BRDA:434,83,0,0
BRDA:434,83,1,0
BRDA:436,84,0,0
BRDA:436,84,1,0
BRDA:437,85,0,0
BRDA:437,85,1,0
BRDA:445,86,0,0
BRDA:445,86,1,0
BRDA:446,87,0,0
BRDA:446,87,1,0
BRDA:447,88,0,0
BRDA:447,88,1,0
BRDA:447,89,0,0
BRDA:447,89,1,0
BRDA:456,90,0,0
BRDA:456,90,1,0
BRDA:457,91,0,0
BRDA:457,91,1,0
BRDA:458,92,0,0
BRDA:458,92,1,0
BRDA:467,93,0,0
BRDA:467,93,1,0
BRDA:502,94,0,0
BRDA:502,94,1,0
BRDA:520,95,0,0
BRDA:520,95,1,0
BRDA:521,96,0,0
BRDA:521,96,1,0
BRDA:522,97,0,0
BRDA:522,97,1,0
BRDA:529,98,0,0
BRDA:529,98,1,0
BRDA:576,99,0,0
BRDA:576,99,1,0
BRDA:577,100,0,0
BRDA:577,100,1,0
BRDA:579,101,0,0
BRDA:579,101,1,0
BRDA:579,102,0,0
BRDA:579,102,1,0
BRDA:581,103,0,0
BRDA:581,103,1,0
BRDA:582,104,0,0
BRDA:582,104,1,0
BRDA:586,105,0,0
BRDA:586,105,1,0
BRDA:596,106,0,0
BRDA:596,106,1,0
BRDA:596,106,2,0
BRDA:627,107,0,0
BRDA:627,107,1,0
BRDA:628,108,0,0
BRDA:628,108,1,0
BRDA:782,109,0,0
BRDA:782,109,1,0
BRF:240
BRH:0
end_of_record
TN:
SF:src\HomePage.tsx
FN:20,loadSavedPlaces
FN:31,saveSavedPlaces
FN:35,genId
FN:39,(anonymous_3)
FN:49,(anonymous_4)
FN:58,(anonymous_5)
FN:60,(anonymous_6)
FN:79,(anonymous_7)
FN:89,(anonymous_8)
FN:94,(anonymous_9)
FN:111,(anonymous_10)
FN:127,(anonymous_11)
FN:137,(anonymous_12)
FN:141,(anonymous_13)
FN:156,(anonymous_14)
FN:183,(anonymous_15)
FN:190,(anonymous_16)
FN:201,(anonymous_17)
FN:201,(anonymous_18)
FN:212,(anonymous_19)
FN:212,(anonymous_20)
FN:223,(anonymous_21)
FN:223,(anonymous_22)
FN:234,(anonymous_23)
FN:234,(anonymous_24)
FN:243,(anonymous_25)
FNF:26
FNH:0
FNDA:0,loadSavedPlaces
FNDA:0,saveSavedPlaces
FNDA:0,genId
FNDA:0,(anonymous_3)
FNDA:0,(anonymous_4)
FNDA:0,(anonymous_5)
FNDA:0,(anonymous_6)
FNDA:0,(anonymous_7)
FNDA:0,(anonymous_8)
FNDA:0,(anonymous_9)
FNDA:0,(anonymous_10)
FNDA:0,(anonymous_11)
FNDA:0,(anonymous_12)
FNDA:0,(anonymous_13)
FNDA:0,(anonymous_14)
FNDA:0,(anonymous_15)
FNDA:0,(anonymous_16)
FNDA:0,(anonymous_17)
FNDA:0,(anonymous_18)
FNDA:0,(anonymous_19)
FNDA:0,(anonymous_20)
FNDA:0,(anonymous_21)
FNDA:0,(anonymous_22)
FNDA:0,(anonymous_23)
FNDA:0,(anonymous_24)
FNDA:0,(anonymous_25)
DA:21,0
DA:22,0
DA:23,0
DA:24,0
DA:25,0
DA:27,0
DA:32,0
DA:36,0
DA:39,0
DA:46,0
DA:49,0
DA:50,0
DA:51,0
DA:58,0
DA:60,0
DA:61,0
DA:63,0
DA:71,0
DA:72,0
DA:73,0
DA:75,0
DA:76,0
DA:79,0
DA:80,0
DA:83,0
DA:89,0
DA:95,0
DA:96,0
DA:97,0
DA:99,0
DA:112,0
DA:113,0
DA:114,0
DA:127,0
DA:138,0
DA:141,0
DA:156,0
DA:183,0
DA:190,0
DA:201,0
DA:212,0
DA:223,0
DA:234,0
DA:243,0
LF:44
LH:0
BRDA:23,0,0,0
BRDA:23,0,1,0
BRDA:25,1,0,0
BRDA:25,1,1,0
BRDA:42,2,0,0
BRDA:61,3,0,0
BRDA:61,3,1,0
BRDA:61,4,0,0
BRDA:61,4,1,0
BRDA:65,5,0,0
BRDA:65,5,1,0
BRDA:68,6,0,0
BRDA:68,6,1,0
BRDA:89,7,0,0
BRDA:89,7,1,0
BRDA:93,8,0,0
BRDA:93,8,1,0
BRDA:95,9,0,0
BRDA:95,9,1,0
BRDA:112,10,0,0
BRDA:112,10,1,0
BRDA:113,11,0,0
BRDA:113,11,1,0
BRDA:141,12,0,0
BRDA:141,12,1,0
BRDA:148,13,0,0
BRDA:148,13,1,0
BRDA:182,14,0,0
BRDA:182,14,1,0
BRDA:250,15,0,0
BRDA:250,15,1,0
BRDA:251,16,0,0
BRDA:251,16,1,0
BRDA:251,17,0,0
BRDA:251,17,1,0
BRF:35
BRH:0
end_of_record
TN:
SF:src\JourneyPage.tsx
FN:9,(anonymous_0)
FN:36,(anonymous_1)
FN:40,(anonymous_2)
FN:90,(anonymous_3)
FN:108,(anonymous_4)
FN:112,(anonymous_5)
FN:114,(anonymous_6)
FN:115,(anonymous_7)
FN:119,(anonymous_8)
FN:130,(anonymous_9)
FN:134,(anonymous_10)
FN:153,(anonymous_11)
FN:160,(anonymous_12)
FN:244,(anonymous_13)
FN:250,(anonymous_14)
FN:262,(anonymous_15)
FN:272,(anonymous_16)
FN:283,(anonymous_17)
FN:288,(anonymous_18)
FN:306,(anonymous_19)
FN:306,(anonymous_20)
FN:322,(anonymous_21)
FN:329,(anonymous_22)
FNF:23
FNH:0
FNDA:0,(anonymous_0)
FNDA:0,(anonymous_1)
FNDA:0,(anonymous_2)
FNDA:0,(anonymous_3)
FNDA:0,(anonymous_4)
FNDA:0,(anonymous_5)
FNDA:0,(anonymous_6)
FNDA:0,(anonymous_7)
FNDA:0,(anonymous_8)
FNDA:0,(anonymous_9)
FNDA:0,(anonymous_10)
FNDA:0,(anonymous_11)
FNDA:0,(anonymous_12)
FNDA:0,(anonymous_13)
FNDA:0,(anonymous_14)
FNDA:0,(anonymous_15)
FNDA:0,(anonymous_16)
FNDA:0,(anonymous_17)
FNDA:0,(anonymous_18)
FNDA:0,(anonymous_19)
FNDA:0,(anonymous_20)
FNDA:0,(anonymous_21)
FNDA:0,(anonymous_22)
DA:9,0
DA:10,0
DA:12,0
DA:13,0
DA:22,0
DA:23,0
DA:24,0
DA:25,0
DA:28,0
DA:29,0
DA:31,0
DA:37,0
DA:40,0
DA:90,0
DA:91,0
DA:92,0
DA:93,0
DA:94,0
DA:95,0
DA:97,0
DA:98,0
DA:107,0
DA:108,0
DA:109,0
DA:110,0
DA:112,0
DA:113,0
DA:114,0
DA:115,0
DA:119,0
DA:120,0
DA:121,0
DA:122,0
DA:125,0
DA:131,0
DA:135,0
DA:136,0
DA:154,0
DA:155,0
DA:156,0
DA:160,0
DA:244,0
DA:246,0
DA:247,0
DA:248,0
DA:250,0
DA:251,0
DA:252,0
DA:253,0
DA:254,0
DA:257,0
DA:260,0
DA:261,0
DA:262,0
DA:263,0
DA:267,0
DA:270,0
DA:271,0
DA:272,0
DA:273,0
DA:277,0
DA:279,0
DA:283,0
DA:284,0
DA:288,0
DA:289,0
DA:290,0
DA:291,0
DA:293,0
DA:301,0
DA:302,0
DA:306,0
DA:309,0
DA:310,0
DA:314,0
DA:322,0
DA:330,0
DA:331,0
LF:78
LH:0
BRDA:12,0,0,0
BRDA:12,0,1,0
BRDA:23,1,0,0
BRDA:23,1,1,0
BRDA:24,2,0,0
BRDA:24,2,1,0
BRDA:25,3,0,0
BRDA:25,3,1,0
BRDA:28,4,0,0
BRDA:28,4,1,0
BRDA:29,5,0,0
BRDA:29,5,1,0
BRDA:34,6,0,0
BRDA:34,6,1,0
BRDA:39,7,0,0
BRDA:39,7,1,0
BRDA:67,8,0,0
BRDA:67,8,1,0
BRDA:72,9,0,0
BRDA:72,9,1,0
BRDA:72,9,2,0
BRDA:75,10,0,0
BRDA:75,10,1,0
BRDA:97,11,0,0
BRDA:97,11,1,0
BRDA:108,12,0,0
BRDA:108,12,1,0
BRDA:110,13,0,0
BRDA:110,13,1,0
BRDA:113,14,0,0
BRDA:113,14,1,0
BRDA:128,15,0,0
BRDA:128,15,1,0
BRDA:133,16,0,0
BRDA:133,16,1,0
BRDA:151,17,0,0
BRDA:151,17,1,0
BRDA:154,18,0,0
BRDA:154,18,1,0
BRDA:159,19,0,0
BRDA:159,19,1,0
BRDA:159,20,0,0
BRDA:159,20,1,0
BRDA:163,21,0,0
BRDA:163,21,1,0
BRDA:180,22,0,0
BRDA:180,22,1,0
BRDA:184,23,0,0
BRDA:184,23,1,0
BRDA:188,24,0,0
BRDA:188,24,1,0
BRDA:190,25,0,0
BRDA:190,25,1,0
BRDA:196,26,0,0
BRDA:196,26,1,0
BRDA:202,27,0,0
BRDA:202,27,1,0
BRDA:203,28,0,0
BRDA:203,28,1,0
BRDA:204,29,0,0
BRDA:204,29,1,0
BRDA:210,30,0,0
BRDA:210,30,1,0
BRDA:215,31,0,0
BRDA:215,31,1,0
BRDA:235,32,0,0
BRDA:235,32,1,0
BRDA:254,33,0,0
BRDA:254,33,1,0
BRDA:260,34,0,0
BRDA:260,34,1,0
BRDA:262,35,0,0
BRDA:262,35,1,0
BRDA:270,36,0,0
BRDA:270,36,1,0
BRDA:291,37,0,0
BRDA:291,37,1,0
BRDA:301,38,0,0
BRDA:301,38,1,0
BRDA:321,39,0,0
BRDA:321,39,1,0
BRDA:328,40,0,0
BRDA:328,40,1,0
BRDA:330,41,0,0
BRDA:330,41,1,0
BRDA:339,42,0,0
BRDA:339,42,1,0
BRDA:342,43,0,0
BRDA:342,43,1,0
BRF:89
BRH:0
end_of_record
TN:
SF:src\LoginPage.tsx
FN:14,(anonymous_0)
FN:32,(anonymous_1)
FN:150,(anonymous_2)
FN:157,(anonymous_3)
FN:193,(anonymous_4)
FN:206,(anonymous_5)
FN:218,(anonymous_6)
FN:233,(anonymous_7)
FN:246,(anonymous_8)
FN:261,(anonymous_9)
FN:280,(anonymous_10)
FNF:11
FNH:0
FNDA:0,(anonymous_0)
FNDA:0,(anonymous_1)
FNDA:0,(anonymous_2)
FNDA:0,(anonymous_3)
FNDA:0,(anonymous_4)
FNDA:0,(anonymous_5)
FNDA:0,(anonymous_6)
FNDA:0,(anonymous_7)
FNDA:0,(anonymous_8)
FNDA:0,(anonymous_9)
FNDA:0,(anonymous_10)
DA:14,0
DA:15,0
DA:18,0
DA:19,0
DA:20,0
DA:22,0
DA:23,0
DA:24,0
DA:25,0
DA:28,0
DA:29,0
DA:30,0
DA:32,0
DA:33,0
DA:34,0
DA:35,0
DA:36,0
DA:38,0
DA:39,0
DA:40,0
DA:41,0
DA:42,0
DA:44,0
DA:45,0
DA:46,0
DA:47,0
DA:51,0
DA:54,0
DA:66,0
DA:67,0
DA:75,0
DA:76,0
DA:77,0
DA:78,0
DA:80,0
DA:85,0
DA:91,0
DA:92,0
DA:95,0
DA:96,0
DA:97,0
DA:98,0
DA:99,0
DA:100,0
DA:101,0
DA:103,0
DA:106,0
DA:107,0
DA:114,0
DA:115,0
DA:117,0
DA:119,0
DA:120,0
DA:121,0
DA:123,0
DA:124,0
DA:125,0
DA:129,0
DA:130,0
DA:133,0
DA:134,0
DA:136,0
DA:140,0
DA:150,0
DA:157,0
DA:193,0
DA:206,0
DA:218,0
DA:233,0
DA:246,0
DA:261,0
DA:280,0
LF:72
LH:0
BRDA:38,0,0,0
BRDA:38,0,1,0
BRDA:39,1,0,0
BRDA:39,1,1,0
BRDA:39,2,0,0
BRDA:39,2,1,0
BRDA:44,3,0,0
BRDA:44,3,1,0
BRDA:51,4,0,0
BRDA:51,4,1,0
BRDA:54,5,0,0
BRDA:54,5,1,0
BRDA:75,6,0,0
BRDA:75,6,1,0
BRDA:76,7,0,0
BRDA:76,7,1,0
BRDA:76,8,0,0
BRDA:76,8,1,0
BRDA:77,9,0,0
BRDA:77,9,1,0
BRDA:78,10,0,0
BRDA:78,10,1,0
BRDA:103,11,0,0
BRDA:103,11,1,0
BRDA:114,12,0,0
BRDA:114,12,1,0
BRDA:115,13,0,0
BRDA:115,13,1,0
BRDA:123,14,0,0
BRDA:123,14,1,0
BRDA:129,15,0,0
BRDA:129,15,1,0
BRDA:134,16,0,0
BRDA:134,16,1,0
BRDA:149,17,0,0
BRDA:149,17,1,0
BRDA:156,18,0,0
BRDA:156,18,1,0
BRDA:163,19,0,0
BRDA:163,19,1,0
BRDA:169,20,0,0
BRDA:169,20,1,0
BRDA:183,21,0,0
BRDA:183,21,1,0
BRDA:251,22,0,0
BRDA:251,22,1,0
BRDA:289,23,0,0
BRDA:289,23,1,0
BRDA:289,24,0,0
BRDA:289,24,1,0
BRF:50
BRH:0
end_of_record
TN:
SF:src\PostRidePage.tsx
FN:5,(anonymous_0)
FN:20,(anonymous_1)
FN:117,(anonymous_2)
FN:129,(anonymous_3)
FN:140,(anonymous_4)
FN:155,(anonymous_5)
FN:168,(anonymous_6)
FNF:7
FNH:0
FNDA:0,(anonymous_0)
FNDA:0,(anonymous_1)
FNDA:0,(anonymous_2)
FNDA:0,(anonymous_3)
FNDA:0,(anonymous_4)
FNDA:0,(anonymous_5)
FNDA:0,(anonymous_6)
DA:5,0
DA:7,0
DA:8,0
DA:9,0
DA:10,0
DA:11,0
DA:14,0
DA:15,0
DA:16,0
DA:18,0
DA:20,0
DA:21,0
DA:22,0
DA:23,0
DA:24,0
DA:26,0
DA:28,0
DA:29,0
DA:30,0
DA:34,0
DA:39,0
DA:40,0
DA:42,0
DA:43,0
DA:46,0
DA:47,0
DA:50,0
DA:61,0
DA:67,0
DA:70,0
DA:71,0
DA:72,0
DA:73,0
DA:74,0
DA:76,0
DA:77,0
DA:79,0
DA:83,0
DA:117,0
DA:129,0
DA:140,0
DA:155,0
DA:168,0
LF:43
LH:0
BRDA:29,0,0,0
BRDA:29,0,1,0
BRDA:39,1,0,0
BRDA:39,1,1,0
BRDA:42,2,0,0
BRDA:42,2,1,0
BRDA:77,3,0,0
BRDA:77,3,1,0
BRDA:90,4,0,0
BRDA:90,4,1,0
BRDA:94,5,0,0
BRDA:94,5,1,0
BRDA:175,6,0,0
BRDA:175,6,1,0
BRF:14
BRH:0
end_of_record
TN:
SF:src\RequestRidePage.tsx
FN:20,(anonymous_0)
FN:31,(anonymous_1)
FN:50,(anonymous_2)
FN:77,(anonymous_3)
FN:120,(anonymous_4)
FN:144,(anonymous_5)
FN:196,(anonymous_6)
FN:207,(anonymous_7)
FN:217,(anonymous_8)
FN:241,(anonymous_9)
FN:255,(anonymous_10)
FNF:11
FNH:0
FNDA:0,(anonymous_0)
FNDA:0,(anonymous_1)
FNDA:0,(anonymous_2)
FNDA:0,(anonymous_3)
FNDA:0,(anonymous_4)
FNDA:0,(anonymous_5)
FNDA:0,(anonymous_6)
FNDA:0,(anonymous_7)
FNDA:0,(anonymous_8)
FNDA:0,(anonymous_9)
FNDA:0,(anonymous_10)
DA:20,0
DA:21,0
DA:22,0
DA:24,0
DA:27,0
DA:28,0
DA:29,0
DA:31,0
DA:32,0
DA:34,0
DA:35,0
DA:38,0
DA:39,0
DA:44,0
DA:45,0
DA:46,0
DA:47,0
DA:48,0
DA:50,0
DA:51,0
DA:52,0
DA:53,0
DA:54,0
DA:56,0
DA:57,0
DA:58,0
DA:60,0
DA:61,0
DA:62,0
DA:65,0
DA:67,0
DA:68,0
DA:70,0
DA:71,0
DA:73,0
DA:77,0
DA:78,0
DA:80,0
DA:81,0
DA:82,0
DA:84,0
DA:85,0
DA:86,0
DA:89,0
DA:91,0
DA:98,0
DA:99,0
DA:100,0
DA:103,0
DA:105,0
DA:107,0
DA:108,0
DA:110,0
DA:115,0
DA:116,0
DA:121,0
DA:122,0
DA:123,0
DA:124,0
DA:144,0
DA:182,0
DA:196,0
DA:207,0
DA:217,0
DA:242,0
DA:256,0
DA:257,0
DA:258,0
DA:259,0
LF:69
LH:0
BRDA:32,0,0,0
BRDA:32,0,1,0
BRDA:34,1,0,0
BRDA:34,1,1,0
BRDA:38,2,0,0
BRDA:38,2,1,0
BRDA:58,3,0,0
BRDA:58,3,1,0
BRDA:61,4,0,0
BRDA:61,4,1,0
BRDA:62,5,0,0
BRDA:62,5,1,0
BRDA:65,6,0,0
BRDA:65,6,1,0
BRDA:68,7,0,0
BRDA:68,7,1,0
BRDA:71,8,0,0
BRDA:71,8,1,0
BRDA:78,9,0,0
BRDA:78,9,1,0
BRDA:86,10,0,0
BRDA:86,10,1,0
BRDA:89,11,0,0
BRDA:89,11,1,0
BRDA:89,12,0,0
BRDA:89,12,1,0
BRDA:94,13,0,0
BRDA:94,13,1,0
BRDA:95,14,0,0
BRDA:95,14,1,0
BRDA:98,15,0,0
BRDA:98,15,1,0
BRDA:108,16,0,0
BRDA:108,16,1,0
BRDA:115,17,0,0
BRDA:115,17,1,0
BRDA:148,18,0,0
BRDA:148,18,1,0
BRDA:149,19,0,0
BRDA:149,19,1,0
BRDA:166,20,0,0
BRDA:166,20,1,0
BRDA:167,21,0,0
BRDA:167,21,1,0
BRDA:167,22,0,0
BRDA:167,22,1,0
BRDA:169,23,0,0
BRDA:169,23,1,0
BRDA:171,24,0,0
BRDA:171,24,1,0
BRDA:222,25,0,0
BRDA:222,25,1,0
BRDA:226,26,0,0
BRDA:226,26,1,0
BRDA:227,27,0,0
BRDA:227,27,1,0
BRDA:229,28,0,0
BRDA:229,28,1,0
BRDA:229,28,2,0
BRDA:229,28,3,0
BRDA:229,28,4,0
BRDA:239,29,0,0
BRDA:239,29,1,0
BRDA:239,29,2,0
BRDA:239,29,3,0
BRDA:239,29,4,0
BRDA:246,30,0,0
BRDA:246,30,1,0
BRDA:247,31,0,0
BRDA:247,31,1,0
BRDA:248,32,0,0
BRDA:248,32,1,0
BRDA:249,33,0,0
BRDA:249,33,1,0
BRDA:250,34,0,0
BRDA:250,34,1,0
BRF:76
BRH:0
end_of_record
TN:
SF:src\SafetyCheckupPage.tsx
FN:49,(anonymous_0)
FN:58,(anonymous_1)
FN:71,loadTrustedContacts
FN:83,saveTrustedContacts
FN:87,genId
FN:91,genPin
FN:97,(anonymous_6)
FN:101,(anonymous_7)
FN:102,(anonymous_8)
FN:102,(anonymous_9)
FN:107,(anonymous_10)
FN:108,(anonymous_11)
FN:109,(anonymous_12)
FN:111,(anonymous_13)
FN:115,(anonymous_14)
FN:119,(anonymous_15)
FN:126,(anonymous_16)
FN:130,(anonymous_17)
FN:135,(anonymous_18)
FN:146,(anonymous_19)
FN:147,(anonymous_20)
FN:147,(anonymous_21)
FN:150,(anonymous_22)
FN:151,(anonymous_23)
FN:152,(anonymous_24)
FN:154,(anonymous_25)
FN:161,(anonymous_26)
FN:172,(anonymous_27)
FN:214,(anonymous_28)
FN:223,(anonymous_29)
FN:245,(anonymous_30)
FN:251,(anonymous_31)
FN:268,(anonymous_32)
FN:275,(anonymous_33)
FN:285,(anonymous_34)
FN:285,(anonymous_35)
FN:294,(anonymous_36)
FN:294,(anonymous_37)
FN:303,(anonymous_38)
FN:303,(anonymous_39)
FN:313,(anonymous_40)
FN:313,(anonymous_41)
FN:322,(anonymous_42)
FN:322,(anonymous_43)
FN:329,(anonymous_44)
FN:369,(anonymous_45)
FN:396,(anonymous_46)
FN:483,(anonymous_47)
FN:510,(anonymous_48)
FN:517,(anonymous_49)
FN:524,(anonymous_50)
FN:531,(anonymous_51)
FN:537,(anonymous_52)
FNF:53
FNH:0
FNDA:0,(anonymous_0)
FNDA:0,(anonymous_1)
FNDA:0,loadTrustedContacts
FNDA:0,saveTrustedContacts
FNDA:0,genId
FNDA:0,genPin
FNDA:0,(anonymous_6)
FNDA:0,(anonymous_7)
FNDA:0,(anonymous_8)
FNDA:0,(anonymous_9)
FNDA:0,(anonymous_10)
FNDA:0,(anonymous_11)
FNDA:0,(anonymous_12)
FNDA:0,(anonymous_13)
FNDA:0,(anonymous_14)
FNDA:0,(anonymous_15)
FNDA:0,(anonymous_16)
FNDA:0,(anonymous_17)
FNDA:0,(anonymous_18)
FNDA:0,(anonymous_19)
FNDA:0,(anonymous_20)
FNDA:0,(anonymous_21)
FNDA:0,(anonymous_22)
FNDA:0,(anonymous_23)
FNDA:0,(anonymous_24)
FNDA:0,(anonymous_25)
FNDA:0,(anonymous_26)
FNDA:0,(anonymous_27)
FNDA:0,(anonymous_28)
FNDA:0,(anonymous_29)
FNDA:0,(anonymous_30)
FNDA:0,(anonymous_31)
FNDA:0,(anonymous_32)
FNDA:0,(anonymous_33)
FNDA:0,(anonymous_34)
FNDA:0,(anonymous_35)
FNDA:0,(anonymous_36)
FNDA:0,(anonymous_37)
FNDA:0,(anonymous_38)
FNDA:0,(anonymous_39)
FNDA:0,(anonymous_40)
FNDA:0,(anonymous_41)
FNDA:0,(anonymous_42)
FNDA:0,(anonymous_43)
FNDA:0,(anonymous_44)
FNDA:0,(anonymous_45)
FNDA:0,(anonymous_46)
FNDA:0,(anonymous_47)
FNDA:0,(anonymous_48)
FNDA:0,(anonymous_49)
FNDA:0,(anonymous_50)
FNDA:0,(anonymous_51)
FNDA:0,(anonymous_52)
DA:20,0
DA:35,0
DA:49,0
DA:50,0
DA:58,0
DA:59,0
DA:72,0
DA:73,0
DA:74,0
DA:75,0
DA:76,0
DA:77,0
DA:79,0
DA:84,0
DA:88,0
DA:93,0
DA:94,0
DA:97,0
DA:98,0
DA:101,0
DA:102,0
DA:103,0
DA:104,0
DA:107,0
DA:108,0
DA:109,0
DA:111,0
DA:112,0
DA:115,0
DA:116,0
DA:119,0
DA:120,0
DA:121,0
DA:122,0
DA:126,0
DA:127,0
DA:130,0
DA:131,0
DA:136,0
DA:137,0
DA:146,0
DA:147,0
DA:150,0
DA:151,0
DA:152,0
DA:154,0
DA:155,0
DA:157,0
DA:161,0
DA:162,0
DA:163,0
DA:172,0
DA:173,0
DA:174,0
DA:177,0
DA:178,0
DA:193,0
DA:194,0
DA:214,0
DA:224,0
DA:245,0
DA:251,0
DA:268,0
DA:275,0
DA:285,0
DA:294,0
DA:303,0
DA:313,0
DA:322,0
DA:329,0
DA:349,0
DA:350,0
DA:369,0
DA:378,0
DA:379,0
DA:397,0
DA:398,0
DA:399,0
DA:400,0
DA:421,0
DA:422,0
DA:483,0
DA:492,0
DA:510,0
DA:517,0
DA:524,0
DA:531,0
DA:537,0
LF:88
LH:0
BRDA:50,0,0,0
BRDA:50,0,1,0
BRDA:50,1,0,0
BRDA:50,1,1,0
BRDA:74,2,0,0
BRDA:74,2,1,0
BRDA:76,3,0,0
BRDA:76,3,1,0
BRDA:109,4,0,0
BRDA:109,4,1,0
BRDA:121,5,0,0
BRDA:121,5,1,0
BRDA:127,6,0,0
BRDA:127,6,1,0
BRDA:136,7,0,0
BRDA:136,7,1,0
BRDA:154,8,0,0
BRDA:154,8,1,0
BRDA:154,9,0,0
BRDA:154,9,1,0
BRDA:162,10,0,0
BRDA:162,10,1,0
BRDA:162,11,0,0
BRDA:162,11,1,0
BRDA:162,11,2,0
BRDA:168,12,0,0
BRDA:168,12,1,0
BRDA:169,13,0,0
BRDA:169,13,1,0
BRDA:177,14,0,0
BRDA:177,14,1,0
BRDA:193,15,0,0
BRDA:193,15,1,0
BRDA:219,16,0,0
BRDA:219,16,1,0
BRDA:230,17,0,0
BRDA:230,17,1,0
BRDA:232,18,0,0
BRDA:232,18,1,0
BRDA:232,18,2,0
BRDA:235,19,0,0
BRDA:235,19,1,0
BRDA:236,20,0,0
BRDA:236,20,1,0
BRDA:236,21,0,0
BRDA:236,21,1,0
BRDA:237,22,0,0
BRDA:237,22,1,0
BRDA:244,23,0,0
BRDA:244,23,1,0
BRDA:247,24,0,0
BRDA:247,24,1,0
BRDA:260,25,0,0
BRDA:260,25,1,0
BRDA:267,26,0,0
BRDA:267,26,1,0
BRDA:336,27,0,0
BRDA:336,27,1,0
BRDA:336,27,2,0
BRDA:337,28,0,0
BRDA:337,28,1,0
BRDA:337,29,0,0
BRDA:337,29,1,0
BRDA:337,29,2,0
BRDA:349,30,0,0
BRDA:349,30,1,0
BRDA:378,31,0,0
BRDA:378,31,1,0
BRDA:399,32,0,0
BRDA:399,32,1,0
BRDA:407,33,0,0
BRDA:407,33,1,0
BRDA:407,33,2,0
BRDA:421,34,0,0
BRDA:421,34,1,0
BRF:75
BRH:0
end_of_record
TN:
SF:src\SettingsPage.tsx
FN:16,(anonymous_0)
FN:23,prettyLabel
FN:26,(anonymous_2)
FN:29,toDisplayValue
FN:36,(anonymous_4)
FN:42,(anonymous_5)
FN:43,(anonymous_6)
FN:70,(anonymous_7)
FN:73,(anonymous_8)
FN:74,(anonymous_9)
FN:77,(anonymous_10)
FN:80,(anonymous_11)
FN:81,(anonymous_12)
FN:114,(anonymous_13)
FN:125,(anonymous_14)
FNF:15
FNH:0
FNDA:0,(anonymous_0)
FNDA:0,prettyLabel
FNDA:0,(anonymous_2)
FNDA:0,toDisplayValue
FNDA:0,(anonymous_4)
FNDA:0,(anonymous_5)
FNDA:0,(anonymous_6)
FNDA:0,(anonymous_7)
FNDA:0,(anonymous_8)
FNDA:0,(anonymous_9)
FNDA:0,(anonymous_10)
FNDA:0,(anonymous_11)
FNDA:0,(anonymous_12)
FNDA:0,(anonymous_13)
FNDA:0,(anonymous_14)
DA:11,0
DA:16,0
DA:17,0
DA:24,0
DA:26,0
DA:30,0
DA:31,0
DA:32,0
DA:33,0
DA:36,0
DA:37,0
DA:38,0
DA:39,0
DA:40,0
DA:42,0
DA:43,0
DA:44,0
DA:45,0
DA:47,0
DA:48,0
DA:49,0
DA:50,0
DA:53,0
DA:54,0
DA:55,0
DA:58,0
DA:61,0
DA:63,0
DA:67,0
DA:70,0
DA:71,0
DA:72,0
DA:73,0
DA:74,0
DA:77,0
DA:78,0
DA:79,0
DA:80,0
DA:81,0
DA:84,0
DA:114,0
DA:125,0
LF:42
LH:0
BRDA:30,0,0,0
BRDA:30,0,1,0
BRDA:30,1,0,0
BRDA:30,1,1,0
BRDA:31,2,0,0
BRDA:31,2,1,0
BRDA:31,3,0,0
BRDA:31,3,1,0
BRDA:32,4,0,0
BRDA:32,4,1,0
BRDA:49,5,0,0
BRDA:49,5,1,0
BRDA:50,6,0,0
BRDA:50,6,1,0
BRDA:55,7,0,0
BRDA:55,7,1,0
BRDA:61,8,0,0
BRDA:61,8,1,0
BRDA:71,9,0,0
BRDA:71,9,1,0
BRDA:73,10,0,0
BRDA:73,10,1,0
BRDA:73,10,2,0
BRDA:78,11,0,0
BRDA:78,11,1,0
BRDA:80,12,0,0
BRDA:80,12,1,0
BRDA:80,12,2,0
BRDA:93,13,0,0
BRDA:93,13,1,0
BRDA:99,14,0,0
BRDA:99,14,1,0
BRDA:99,14,2,0
BRDA:105,15,0,0
BRDA:105,15,1,0
BRDA:105,15,2,0
BRDA:111,16,0,0
BRDA:111,16,1,0
BRDA:119,17,0,0
BRDA:119,17,1,0
BRF:40
BRH:0
end_of_record
TN:
SF:src\TimetablePage.tsx
FN:18,pad2
FN:22,toDatetimeLocal
FN:36,(anonymous_2)
FN:45,(anonymous_3)
FN:51,(anonymous_4)
FN:53,(anonymous_5)
FN:77,(anonymous_6)
FN:107,(anonymous_7)
FN:113,(anonymous_8)
FN:118,(anonymous_9)
FN:142,(anonymous_10)
FN:152,(anonymous_11)
FNF:12
FNH:0
FNDA:0,pad2
FNDA:0,toDatetimeLocal
FNDA:0,(anonymous_2)
FNDA:0,(anonymous_3)
FNDA:0,(anonymous_4)
FNDA:0,(anonymous_5)
FNDA:0,(anonymous_6)
FNDA:0,(anonymous_7)
FNDA:0,(anonymous_8)
FNDA:0,(anonymous_9)
FNDA:0,(anonymous_10)
FNDA:0,(anonymous_11)
DA:19,0
DA:23,0
DA:24,0
DA:25,0
DA:26,0
DA:27,0
DA:28,0
DA:36,0
DA:37,0
DA:38,0
DA:39,0
DA:41,0
DA:42,0
DA:43,0
DA:45,0
DA:46,0
DA:47,0
DA:51,0
DA:53,0
DA:54,0
DA:55,0
DA:56,0
DA:57,0
DA:58,0
DA:60,0
DA:62,0
DA:68,0
DA:70,0
DA:71,0
DA:73,0
DA:77,0
DA:78,0
DA:79,0
DA:81,0
DA:87,0
DA:107,0
DA:113,0
DA:118,0
DA:143,0
DA:144,0
DA:145,0
DA:147,0
DA:152,0
LF:43
LH:0
BRDA:47,0,0,0
BRDA:47,0,1,0
BRDA:47,1,0,0
BRDA:47,1,1,0
BRDA:51,2,0,0
BRDA:51,2,1,0
BRDA:58,3,0,0
BRDA:58,3,1,0
BRDA:60,4,0,0
BRDA:60,4,1,0
BRDA:68,5,0,0
BRDA:68,5,1,0
BRDA:71,6,0,0
BRDA:71,6,1,0
BRDA:124,7,0,0
BRDA:124,7,1,0
BRDA:124,8,0,0
BRDA:124,8,1,0
BRDA:127,9,0,0
BRDA:127,9,1,0
BRDA:130,10,0,0
BRDA:130,10,1,0
BRDA:130,10,2,0
BRDA:130,10,3,0
BRDA:134,11,0,0
BRDA:134,11,1,0
BRDA:140,12,0,0
BRDA:140,12,1,0
BRDA:140,12,2,0
BRDA:159,13,0,0
BRDA:159,13,1,0
BRF:31
BRH:0
end_of_record
TN:
SF:src\main.tsx
FNF:0
FNH:0
DA:6,0
LF:1
LH:0
BRF:0
BRH:0
end_of_record
TN:
SF:src\components\Map\RideRenderMap.tsx
FN:21,(anonymous_0)
FN:34,(anonymous_1)
FN:37,(anonymous_2)
FN:55,(anonymous_3)
FN:63,(anonymous_4)
FN:65,(anonymous_5)
FN:76,(anonymous_6)
FN:79,(anonymous_7)
FN:91,(anonymous_8)
FNF:9
FNH:0
FNDA:0,(anonymous_0)
FNDA:0,(anonymous_1)
FNDA:0,(anonymous_2)
FNDA:0,(anonymous_3)
FNDA:0,(anonymous_4)
FNDA:0,(anonymous_5)
FNDA:0,(anonymous_6)
FNDA:0,(anonymous_7)
FNDA:0,(anonymous_8)
DA:21,0
DA:29,0
DA:30,0
DA:31,0
DA:32,0
DA:34,0
DA:35,0
DA:37,0
DA:38,0
DA:39,0
DA:41,0
DA:42,0
DA:43,0
DA:45,0
DA:46,0
DA:47,0
DA:49,0
DA:53,0
DA:55,0
DA:56,0
DA:60,0
DA:63,0
DA:64,0
DA:66,0
DA:67,0
DA:68,0
DA:72,0
DA:76,0
DA:77,0
DA:79,0
DA:80,0
DA:81,0
DA:82,0
DA:83,0
DA:86,0
DA:88,0
DA:91,0
DA:92,0
DA:95,0
DA:98,0
DA:99,0
DA:116,0
DA:117,0
DA:137,0
LF:44
LH:0
BRDA:25,0,0,0
BRDA:26,1,0,0
BRDA:27,2,0,0
BRDA:43,3,0,0
BRDA:43,3,1,0
BRDA:46,4,0,0
BRDA:46,4,1,0
BRDA:47,5,0,0
BRDA:47,5,1,0
BRDA:47,6,0,0
BRDA:47,6,1,0
BRDA:49,7,0,0
BRDA:49,7,1,0
BRDA:53,8,0,0
BRDA:53,8,1,0
BRDA:66,9,0,0
BRDA:66,9,1,0
BRDA:66,10,0,0
BRDA:66,10,1,0
BRDA:81,11,0,0
BRDA:81,11,1,0
BRDA:81,12,0,0
BRDA:81,12,1,0
BRDA:81,12,2,0
BRDA:92,13,0,0
BRDA:92,13,1,0
BRDA:98,14,0,0
BRDA:98,14,1,0
BRDA:116,15,0,0
BRDA:116,15,1,0
BRDA:152,16,0,0
BRDA:152,16,1,0
BRDA:159,17,0,0
BRDA:159,17,1,0
BRDA:161,18,0,0
BRDA:161,18,1,0
BRDA:163,19,0,0
BRDA:163,19,1,0
BRF:38
BRH:0
end_of_record
TN:
SF:src\components\Map\useGeocode.ts
FN:14,(anonymous_0)
FN:18,(anonymous_1)
FNF:2
FNH:0
FNDA:0,(anonymous_0)
FNDA:0,(anonymous_1)
DA:14,0
DA:15,0
DA:16,0
DA:18,0
DA:19,0
DA:21,0
DA:22,0
DA:24,0
DA:25,0
DA:29,0
DA:31,0
DA:32,0
DA:33,0
DA:34,0
DA:36,0
DA:40,0
LF:16
LH:0
BRDA:19,0,0,0
BRDA:19,0,1,0
BRDA:29,1,0,0
BRDA:29,1,1,0
BRDA:32,2,0,0
BRDA:32,2,1,0
BRDA:33,3,0,0
BRDA:33,3,1,0
BRF:8
BRH:0
end_of_record
TN:
SF:src\lib\api.ts
FN:14,buildUrl
FN:24,apiFetch
FNF:2
FNH:0
FNDA:0,buildUrl
FNDA:0,apiFetch
DA:3,0
DA:7,0
DA:15,0
DA:16,0
DA:25,0
DA:27,0
DA:32,0
DA:33,0
DA:34,0
DA:37,0
DA:41,0
DA:42,0
DA:43,0
DA:44,0
DA:45,0
DA:46,0
DA:47,0
DA:48,0
DA:50,0
DA:51,0
DA:53,0
DA:60,0
DA:61,0
DA:62,0
DA:63,0
DA:67,0
DA:68,0
LF:27
LH:0
BRDA:7,0,0,0
BRDA:7,0,1,0
BRDA:15,1,0,0
BRDA:15,1,1,0
BRDA:24,2,0,0
BRDA:28,3,0,0
BRDA:28,3,1,0
BRDA:32,4,0,0
BRDA:32,4,1,0
BRDA:34,5,0,0
BRDA:34,5,1,0
BRDA:41,6,0,0
BRDA:41,6,1,0
BRDA:46,7,0,0
BRDA:46,7,1,0
BRDA:47,8,0,0
BRDA:47,8,1,0
BRDA:48,9,0,0
BRDA:48,9,1,0
BRDA:48,10,0,0
BRDA:48,10,1,0
BRDA:49,11,0,0
BRDA:49,11,1,0
BRDA:50,12,0,0
BRDA:50,12,1,0
BRDA:51,13,0,0
BRDA:51,13,1,0
BRDA:51,14,0,0
BRDA:51,14,1,0
BRDA:68,15,0,0
BRDA:68,15,1,0
BRF:31
BRH:0
end_of_record
